{ Using PSTWRITER 17.2.0 d001Nov-25-2019 at 20:32:24 }

#1 WARNING(ORCAP-36006): Part Name "HEADER 20X2/M_IDC-40J_HEADER 20X2/M" is renamed to "HEADER 20X2/M_IDC-40J_HEADER 20".
#2 WARNING(ORCAP-36006): Part Name "TESTPOINT_TESTPOINT_M1_TESTPOINT" is renamed to "TESTPOINT_TESTPOINT_M1_TESTPOIN".
#3 WARNING(ORCAP-36006): Part Name "INDUCTOR_PA0512_PA0512_101NLT_105NH_250UOHM" is renamed to "INDUCTOR_PA0512_PA0512_101NLT_1".
#4 WARNING(ORCAP-36006): Part Name "SENS59150-SPST_POWER_SW_POWER SWITCH" is renamed to "SENS59150-SPST_POWER_SW_POWER S".
#5 WARNING(ORCAP-36006): Part Name "39-30-1060_2_CON_MOL_5569_6P_39-30-1060_2" is renamed to "39-30-1060_2_CON_MOL_5569_6P_39".
#6 WARNING(ORCAP-36042): Pin "+12V" is renamed to "+12V#1" as visible power pin of same name already exists in Package 39-30-1060_2 , U1: schematic, 02_Power In (6.80, 6.90).
#7 WARNING(ORCAP-36042): Pin "+12V" is renamed to "+12V#2" as visible power pin of same name already exists in Package 39-30-1060_2 , U1: schematic, 02_Power In (6.80, 6.90).
#8 WARNING(ORCAP-36042): Pin "+12V" is renamed to "+12V#3" as visible power pin of same name already exists in Package 39-30-1060_2 , U1: schematic, 02_Power In (6.80, 6.90).
#9 WARNING(ORCAP-36042): Pin "GND" is renamed to "GND#4" as visible power pin of same name already exists in Package 39-30-1060_2 , U1: schematic, 02_Power In (6.80, 6.90).
#10 WARNING(ORCAP-36042): Pin "GND" is renamed to "GND#5" as visible power pin of same name already exists in Package 39-30-1060_2 , U1: schematic, 02_Power In (6.80, 6.90).
#11 WARNING(ORCAP-36042): Pin "GND" is renamed to "GND#6" as visible power pin of same name already exists in Package 39-30-1060_2 , U1: schematic, 02_Power In (6.80, 6.90).
#12 WARNING(ORCAP-36006): Part Name "SPX3819M5-2-5_SOT-23-5_SPX3819M5-1-8" is renamed to "SPX3819M5-2-5_SOT-23-5_SPX3819M".
#13 WARNING(ORCAP-36006): Part Name "TPS74401_QFN20_QFN20_TPS74401_QFN20" is renamed to "TPS74401_QFN20_QFN20_TPS74401_Q".
#14 WARNING(ORCAP-36006): Part Name "XC7K325TFFG900_FFG900_(S1+S2+S3+S4+S5+S6+S7+S8+S9+S10+S11+S12+S13+S14+S15+S16+S17+S18+S19+S20+S21+S22+S23)_XC7K325TFFG900" is renamed to "XC7K325TFFG900_FFG900_(S1+S2+S3".
#15 WARNING(ORCAP-36042): Pin "VCCO_0" is renamed to "VCCO_0#AB6" as visible power pin of same name already exists in Package XC7K325TFFG900-1 , U13-1: schematic, 07_FPGA System (14.10, 2.30).
#16 WARNING(ORCAP-36042): Pin "VCCO_0" is renamed to "VCCO_0#T9" as visible power pin of same name already exists in Package XC7K325TFFG900-1 , U13-1: schematic, 07_FPGA System (14.10, 2.30).
#17 WARNING(ORCAP-36042): Pin "VCCO_12" is renamed to "VCCO_12#AC23" as visible power pin of same name already exists in Package XC7K325TFFG900-2 , U13-1: schematic, 07_FPGA System (14.10, 2.30).
#18 WARNING(ORCAP-36042): Pin "VCCO_12" is renamed to "VCCO_12#AD20" as visible power pin of same name already exists in Package XC7K325TFFG900-2 , U13-1: schematic, 07_FPGA System (14.10, 2.30).
#19 WARNING(ORCAP-36042): Pin "VCCO_12" is renamed to "VCCO_12#AF24" as visible power pin of same name already exists in Package XC7K325TFFG900-2 , U13-1: schematic, 07_FPGA System (14.10, 2.30).
#20 WARNING(ORCAP-36042): Pin "VCCO_12" is renamed to "VCCO_12#AG21" as visible power pin of same name already exists in Package XC7K325TFFG900-2 , U13-1: schematic, 07_FPGA System (14.10, 2.30).
#21 WARNING(ORCAP-36042): Pin "VCCO_12" is renamed to "VCCO_12#AK22" as visible power pin of same name already exists in Package XC7K325TFFG900-2 , U13-1: schematic, 07_FPGA System (14.10, 2.30).
#22 WARNING(ORCAP-36042): Pin "VCCO_12" is renamed to "VCCO_12#Y22" as visible power pin of same name already exists in Package XC7K325TFFG900-2 , U13-1: schematic, 07_FPGA System (14.10, 2.30).
#23 WARNING(ORCAP-36042): Pin "VCCO_13" is renamed to "VCCO_13#AA29" as visible power pin of same name already exists in Package XC7K325TFFG900-3 , U13-1: schematic, 07_FPGA System (14.10, 2.30).
#24 WARNING(ORCAP-36042): Pin "VCCO_13" is renamed to "VCCO_13#AB26" as visible power pin of same name already exists in Package XC7K325TFFG900-3 , U13-1: schematic, 07_FPGA System (14.10, 2.30).
#25 WARNING(ORCAP-36042): Pin "VCCO_13" is renamed to "VCCO_13#AD30" as visible power pin of same name already exists in Package XC7K325TFFG900-3 , U13-1: schematic, 07_FPGA System (14.10, 2.30).
#26 WARNING(ORCAP-36042): Pin "VCCO_13" is renamed to "VCCO_13#AE27" as visible power pin of same name already exists in Package XC7K325TFFG900-3 , U13-1: schematic, 07_FPGA System (14.10, 2.30).
#27 WARNING(ORCAP-36042): Pin "VCCO_13" is renamed to "VCCO_13#AH28" as visible power pin of same name already exists in Package XC7K325TFFG900-3 , U13-1: schematic, 07_FPGA System (14.10, 2.30).
#28 WARNING(ORCAP-36042): Pin "VCCO_13" is renamed to "VCCO_13#AJ25" as visible power pin of same name already exists in Package XC7K325TFFG900-3 , U13-1: schematic, 07_FPGA System (14.10, 2.30).
#29 WARNING(ORCAP-36042): Pin "VCCO_14" is renamed to "VCCO_14#P30" as visible power pin of same name already exists in Package XC7K325TFFG900-4 , U13-1: schematic, 07_FPGA System (14.10, 2.30).
#30 WARNING(ORCAP-36042): Pin "VCCO_14" is renamed to "VCCO_14#R27" as visible power pin of same name already exists in Package XC7K325TFFG900-4 , U13-1: schematic, 07_FPGA System (14.10, 2.30).
#31 WARNING(ORCAP-36042): Pin "VCCO_14" is renamed to "VCCO_14#T24" as visible power pin of same name already exists in Package XC7K325TFFG900-4 , U13-1: schematic, 07_FPGA System (14.10, 2.30).
#32 WARNING(ORCAP-36042): Pin "VCCO_14" is renamed to "VCCO_14#U21" as visible power pin of same name already exists in Package XC7K325TFFG900-4 , U13-1: schematic, 07_FPGA System (14.10, 2.30).
#33 WARNING(ORCAP-36042): Pin "VCCO_14" is renamed to "VCCO_14#V28" as visible power pin of same name already exists in Package XC7K325TFFG900-4 , U13-1: schematic, 07_FPGA System (14.10, 2.30).
#34 WARNING(ORCAP-36042): Pin "VCCO_14" is renamed to "VCCO_14#W25" as visible power pin of same name already exists in Package XC7K325TFFG900-4 , U13-1: schematic, 07_FPGA System (14.10, 2.30).
#35 WARNING(ORCAP-36042): Pin "VCCO_15" is renamed to "VCCO_15#J25" as visible power pin of same name already exists in Package XC7K325TFFG900-5 , U13-1: schematic, 07_FPGA System (14.10, 2.30).
#36 WARNING(ORCAP-36042): Pin "VCCO_15" is renamed to "VCCO_15#K22" as visible power pin of same name already exists in Package XC7K325TFFG900-5 , U13-1: schematic, 07_FPGA System (14.10, 2.30).
#37 WARNING(ORCAP-36042): Pin "VCCO_15" is renamed to "VCCO_15#L29" as visible power pin of same name already exists in Package XC7K325TFFG900-5 , U13-1: schematic, 07_FPGA System (14.10, 2.30).
#38 WARNING(ORCAP-36042): Pin "VCCO_15" is renamed to "VCCO_15#M26" as visible power pin of same name already exists in Package XC7K325TFFG900-5 , U13-1: schematic, 07_FPGA System (14.10, 2.30).
#39 WARNING(ORCAP-36042): Pin "VCCO_15" is renamed to "VCCO_15#N23" as visible power pin of same name already exists in Package XC7K325TFFG900-5 , U13-1: schematic, 07_FPGA System (14.10, 2.30).
#40 WARNING(ORCAP-36042): Pin "VCCO_15" is renamed to "VCCO_15#P20" as visible power pin of same name already exists in Package XC7K325TFFG900-5 , U13-1: schematic, 07_FPGA System (14.10, 2.30).
#41 WARNING(ORCAP-36042): Pin "VCCO_16" is renamed to "VCCO_16#A29" as visible power pin of same name already exists in Package XC7K325TFFG900-6 , U13-1: schematic, 07_FPGA System (14.10, 2.30).
#42 WARNING(ORCAP-36042): Pin "VCCO_16" is renamed to "VCCO_16#B26" as visible power pin of same name already exists in Package XC7K325TFFG900-6 , U13-1: schematic, 07_FPGA System (14.10, 2.30).
#43 WARNING(ORCAP-36042): Pin "VCCO_16" is renamed to "VCCO_16#C23" as visible power pin of same name already exists in Package XC7K325TFFG900-6 , U13-1: schematic, 07_FPGA System (14.10, 2.30).
#44 WARNING(ORCAP-36042): Pin "VCCO_16" is renamed to "VCCO_16#D30" as visible power pin of same name already exists in Package XC7K325TFFG900-6 , U13-1: schematic, 07_FPGA System (14.10, 2.30).
#45 WARNING(ORCAP-36042): Pin "VCCO_16" is renamed to "VCCO_16#E27" as visible power pin of same name already exists in Package XC7K325TFFG900-6 , U13-1: schematic, 07_FPGA System (14.10, 2.30).
#46 WARNING(ORCAP-36042): Pin "VCCO_16" is renamed to "VCCO_16#F24" as visible power pin of same name already exists in Package XC7K325TFFG900-6 , U13-1: schematic, 07_FPGA System (14.10, 2.30).
#47 WARNING(ORCAP-36042): Pin "VCCO_16" is renamed to "VCCO_16#H28" as visible power pin of same name already exists in Package XC7K325TFFG900-6 , U13-1: schematic, 07_FPGA System (14.10, 2.30).
#48 WARNING(ORCAP-36042): Pin "VCCO_17" is renamed to "VCCO_17#A19" as visible power pin of same name already exists in Package XC7K325TFFG900-7 , U13-1: schematic, 07_FPGA System (14.10, 2.30).
#49 WARNING(ORCAP-36042): Pin "VCCO_17" is renamed to "VCCO_17#B16" as visible power pin of same name already exists in Package XC7K325TFFG900-7 , U13-1: schematic, 07_FPGA System (14.10, 2.30).
#50 WARNING(ORCAP-36042): Pin "VCCO_17" is renamed to "VCCO_17#D20" as visible power pin of same name already exists in Package XC7K325TFFG900-7 , U13-1: schematic, 07_FPGA System (14.10, 2.30).
#51 WARNING(ORCAP-36042): Pin "VCCO_17" is renamed to "VCCO_17#E17" as visible power pin of same name already exists in Package XC7K325TFFG900-7 , U13-1: schematic, 07_FPGA System (14.10, 2.30).
#52 WARNING(ORCAP-36042): Pin "VCCO_17" is renamed to "VCCO_17#G21" as visible power pin of same name already exists in Package XC7K325TFFG900-7 , U13-1: schematic, 07_FPGA System (14.10, 2.30).
#53 WARNING(ORCAP-36042): Pin "VCCO_17" is renamed to "VCCO_17#H18" as visible power pin of same name already exists in Package XC7K325TFFG900-7 , U13-1: schematic, 07_FPGA System (14.10, 2.30).
#54 WARNING(ORCAP-36042): Pin "VCCO_17" is renamed to "VCCO_17#L19" as visible power pin of same name already exists in Package XC7K325TFFG900-7 , U13-1: schematic, 07_FPGA System (14.10, 2.30).
#55 WARNING(ORCAP-36042): Pin "VCCO_18" is renamed to "VCCO_18#C13" as visible power pin of same name already exists in Package XC7K325TFFG900-8 , U13-1: schematic, 07_FPGA System (14.10, 2.30).
#56 WARNING(ORCAP-36042): Pin "VCCO_18" is renamed to "VCCO_18#D10" as visible power pin of same name already exists in Package XC7K325TFFG900-8 , U13-1: schematic, 07_FPGA System (14.10, 2.30).
#57 WARNING(ORCAP-36042): Pin "VCCO_18" is renamed to "VCCO_18#F14" as visible power pin of same name already exists in Package XC7K325TFFG900-8 , U13-1: schematic, 07_FPGA System (14.10, 2.30).
#58 WARNING(ORCAP-36042): Pin "VCCO_18" is renamed to "VCCO_18#G11" as visible power pin of same name already exists in Package XC7K325TFFG900-8 , U13-1: schematic, 07_FPGA System (14.10, 2.30).
#59 WARNING(ORCAP-36042): Pin "VCCO_18" is renamed to "VCCO_18#J15" as visible power pin of same name already exists in Package XC7K325TFFG900-8 , U13-1: schematic, 07_FPGA System (14.10, 2.30).
#60 WARNING(ORCAP-36042): Pin "VCCO_18" is renamed to "VCCO_18#K12" as visible power pin of same name already exists in Package XC7K325TFFG900-8 , U13-1: schematic, 07_FPGA System (14.10, 2.30).
#61 WARNING(ORCAP-36042): Pin "VCCO_32" is renamed to "VCCO_32#AA19" as visible power pin of same name already exists in Package XC7K325TFFG900-9 , U13-1: schematic, 07_FPGA System (14.10, 2.30).
#62 WARNING(ORCAP-36042): Pin "VCCO_32" is renamed to "VCCO_32#AB16" as visible power pin of same name already exists in Package XC7K325TFFG900-9 , U13-1: schematic, 07_FPGA System (14.10, 2.30).
#63 WARNING(ORCAP-36042): Pin "VCCO_32" is renamed to "VCCO_32#AE17" as visible power pin of same name already exists in Package XC7K325TFFG900-9 , U13-1: schematic, 07_FPGA System (14.10, 2.30).
#64 WARNING(ORCAP-36042): Pin "VCCO_32" is renamed to "VCCO_32#AF14" as visible power pin of same name already exists in Package XC7K325TFFG900-9 , U13-1: schematic, 07_FPGA System (14.10, 2.30).
#65 WARNING(ORCAP-36042): Pin "VCCO_32" is renamed to "VCCO_32#AH18" as visible power pin of same name already exists in Package XC7K325TFFG900-9 , U13-1: schematic, 07_FPGA System (14.10, 2.30).
#66 WARNING(ORCAP-36042): Pin "VCCO_32" is renamed to "VCCO_32#AJ15" as visible power pin of same name already exists in Package XC7K325TFFG900-9 , U13-1: schematic, 07_FPGA System (14.10, 2.30).
#67 WARNING(ORCAP-36042): Pin "VCCO_33" is renamed to "VCCO_33#AA9" as visible power pin of same name already exists in Package XC7K325TFFG900-10 , U13-1: schematic, 07_FPGA System (14.10, 2.30).
#68 WARNING(ORCAP-36042): Pin "VCCO_33" is renamed to "VCCO_33#AC13" as visible power pin of same name already exists in Package XC7K325TFFG900-10 , U13-1: schematic, 07_FPGA System (14.10, 2.30).
#69 WARNING(ORCAP-36042): Pin "VCCO_33" is renamed to "VCCO_33#AD10" as visible power pin of same name already exists in Package XC7K325TFFG900-10 , U13-1: schematic, 07_FPGA System (14.10, 2.30).
#70 WARNING(ORCAP-36042): Pin "VCCO_33" is renamed to "VCCO_33#AG11" as visible power pin of same name already exists in Package XC7K325TFFG900-10 , U13-1: schematic, 07_FPGA System (14.10, 2.30).
#71 WARNING(ORCAP-36042): Pin "VCCO_33" is renamed to "VCCO_33#AK12" as visible power pin of same name already exists in Package XC7K325TFFG900-10 , U13-1: schematic, 07_FPGA System (14.10, 2.30).
#72 WARNING(ORCAP-36042): Pin "VCCO_33" is renamed to "VCCO_33#Y12" as visible power pin of same name already exists in Package XC7K325TFFG900-10 , U13-1: schematic, 07_FPGA System (14.10, 2.30).
#73 WARNING(ORCAP-36042): Pin "VCCO_34" is renamed to "VCCO_34#AC3" as visible power pin of same name already exists in Package XC7K325TFFG900-11 , U13-1: schematic, 07_FPGA System (14.10, 2.30).
#74 WARNING(ORCAP-36042): Pin "VCCO_34" is renamed to "VCCO_34#AE7" as visible power pin of same name already exists in Package XC7K325TFFG900-11 , U13-1: schematic, 07_FPGA System (14.10, 2.30).
#75 WARNING(ORCAP-36042): Pin "VCCO_34" is renamed to "VCCO_34#AF4" as visible power pin of same name already exists in Package XC7K325TFFG900-11 , U13-1: schematic, 07_FPGA System (14.10, 2.30).
#76 WARNING(ORCAP-36042): Pin "VCCO_34" is renamed to "VCCO_34#AG1" as visible power pin of same name already exists in Package XC7K325TFFG900-11 , U13-1: schematic, 07_FPGA System (14.10, 2.30).
#77 WARNING(ORCAP-36042): Pin "VCCO_34" is renamed to "VCCO_34#AH8" as visible power pin of same name already exists in Package XC7K325TFFG900-11 , U13-1: schematic, 07_FPGA System (14.10, 2.30).
#78 WARNING(ORCAP-36042): Pin "VCCO_34" is renamed to "VCCO_34#AJ5" as visible power pin of same name already exists in Package XC7K325TFFG900-11 , U13-1: schematic, 07_FPGA System (14.10, 2.30).
#79 WARNING(ORCAP-36042): Pin "VCCO_34" is renamed to "VCCO_34#AK2" as visible power pin of same name already exists in Package XC7K325TFFG900-11 , U13-1: schematic, 07_FPGA System (14.10, 2.30).
#80 WARNING(ORCAP-36042): Pin "MGTAVCC" is renamed to "MGTAVCC#B7" as visible power pin of same name already exists in Package XC7K325TFFG900-16 , U13-1: schematic, 07_FPGA System (14.10, 2.30).
#81 WARNING(ORCAP-36042): Pin "MGTAVCC" is renamed to "MGTAVCC#D7" as visible power pin of same name already exists in Package XC7K325TFFG900-16 , U13-1: schematic, 07_FPGA System (14.10, 2.30).
#82 WARNING(ORCAP-36042): Pin "MGTAVCC" is renamed to "MGTAVCC#F7" as visible power pin of same name already exists in Package XC7K325TFFG900-16 , U13-1: schematic, 07_FPGA System (14.10, 2.30).
#83 WARNING(ORCAP-36042): Pin "MGTAVCC" is renamed to "MGTAVCC#H7" as visible power pin of same name already exists in Package XC7K325TFFG900-16 , U13-1: schematic, 07_FPGA System (14.10, 2.30).
#84 WARNING(ORCAP-36042): Pin "MGTAVCC" is renamed to "MGTAVCC#K7" as visible power pin of same name already exists in Package XC7K325TFFG900-16 , U13-1: schematic, 07_FPGA System (14.10, 2.30).
#85 WARNING(ORCAP-36042): Pin "MGTAVCC" is renamed to "MGTAVCC#M7" as visible power pin of same name already exists in Package XC7K325TFFG900-16 , U13-1: schematic, 07_FPGA System (14.10, 2.30).
#86 WARNING(ORCAP-36042): Pin "MGTAVCC" is renamed to "MGTAVCC#P7" as visible power pin of same name already exists in Package XC7K325TFFG900-16 , U13-1: schematic, 07_FPGA System (14.10, 2.30).
#87 WARNING(ORCAP-36042): Pin "MGTVCCAUX" is renamed to "MGTVCCAUX#T7" as visible power pin of same name already exists in Package XC7K325TFFG900-17 , U13-1: schematic, 07_FPGA System (14.10, 2.30).
#88 WARNING(ORCAP-36042): Pin "MGTVCCAUX" is renamed to "MGTVCCAUX#V7" as visible power pin of same name already exists in Package XC7K325TFFG900-17 , U13-1: schematic, 07_FPGA System (14.10, 2.30).
#89 WARNING(ORCAP-36042): Pin "MGTAVTT" is renamed to "MGTAVTT#B3" as visible power pin of same name already exists in Package XC7K325TFFG900-18 , U13-1: schematic, 07_FPGA System (14.10, 2.30).
#90 WARNING(ORCAP-36042): Pin "MGTAVTT" is renamed to "MGTAVTT#C5" as visible power pin of same name already exists in Package XC7K325TFFG900-18 , U13-1: schematic, 07_FPGA System (14.10, 2.30).
#91 WARNING(ORCAP-36042): Pin "MGTAVTT" is renamed to "MGTAVTT#D3" as visible power pin of same name already exists in Package XC7K325TFFG900-18 , U13-1: schematic, 07_FPGA System (14.10, 2.30).
#92 WARNING(ORCAP-36042): Pin "MGTAVTT" is renamed to "MGTAVTT#E5" as visible power pin of same name already exists in Package XC7K325TFFG900-18 , U13-1: schematic, 07_FPGA System (14.10, 2.30).
#93 WARNING(ORCAP-36042): Pin "MGTAVTT" is renamed to "MGTAVTT#F3" as visible power pin of same name already exists in Package XC7K325TFFG900-18 , U13-1: schematic, 07_FPGA System (14.10, 2.30).
#94 WARNING(ORCAP-36042): Pin "MGTAVTT" is renamed to "MGTAVTT#G5" as visible power pin of same name already exists in Package XC7K325TFFG900-18 , U13-1: schematic, 07_FPGA System (14.10, 2.30).
#95 WARNING(ORCAP-36042): Pin "MGTAVTT" is renamed to "MGTAVTT#H3" as visible power pin of same name already exists in Package XC7K325TFFG900-18 , U13-1: schematic, 07_FPGA System (14.10, 2.30).
#96 WARNING(ORCAP-36042): Pin "MGTAVTT" is renamed to "MGTAVTT#J5" as visible power pin of same name already exists in Package XC7K325TFFG900-18 , U13-1: schematic, 07_FPGA System (14.10, 2.30).
#97 WARNING(ORCAP-36042): Pin "MGTAVTT" is renamed to "MGTAVTT#K3" as visible power pin of same name already exists in Package XC7K325TFFG900-18 , U13-1: schematic, 07_FPGA System (14.10, 2.30).
#98 WARNING(ORCAP-36042): Pin "MGTAVTT" is renamed to "MGTAVTT#L5" as visible power pin of same name already exists in Package XC7K325TFFG900-18 , U13-1: schematic, 07_FPGA System (14.10, 2.30).
#99 WARNING(ORCAP-36042): Pin "MGTAVTT" is renamed to "MGTAVTT#M3" as visible power pin of same name already exists in Package XC7K325TFFG900-18 , U13-1: schematic, 07_FPGA System (14.10, 2.30).
#100 WARNING(ORCAP-36042): Pin "MGTAVTT" is renamed to "MGTAVTT#N5" as visible power pin of same name already exists in Package XC7K325TFFG900-18 , U13-1: schematic, 07_FPGA System (14.10, 2.30).
#101 WARNING(ORCAP-36042): Pin "MGTAVTT" is renamed to "MGTAVTT#P3" as visible power pin of same name already exists in Package XC7K325TFFG900-18 , U13-1: schematic, 07_FPGA System (14.10, 2.30).
#102 WARNING(ORCAP-36042): Pin "MGTAVTT" is renamed to "MGTAVTT#R5" as visible power pin of same name already exists in Package XC7K325TFFG900-18 , U13-1: schematic, 07_FPGA System (14.10, 2.30).
#103 WARNING(ORCAP-36042): Pin "MGTAVTT" is renamed to "MGTAVTT#T3" as visible power pin of same name already exists in Package XC7K325TFFG900-18 , U13-1: schematic, 07_FPGA System (14.10, 2.30).
#104 WARNING(ORCAP-36042): Pin "MGTAVTT" is renamed to "MGTAVTT#U5" as visible power pin of same name already exists in Package XC7K325TFFG900-18 , U13-1: schematic, 07_FPGA System (14.10, 2.30).
#105 WARNING(ORCAP-36042): Pin "MGTAVTT" is renamed to "MGTAVTT#V3" as visible power pin of same name already exists in Package XC7K325TFFG900-18 , U13-1: schematic, 07_FPGA System (14.10, 2.30).
#106 WARNING(ORCAP-36042): Pin "MGTAVTT" is renamed to "MGTAVTT#W5" as visible power pin of same name already exists in Package XC7K325TFFG900-18 , U13-1: schematic, 07_FPGA System (14.10, 2.30).
#107 WARNING(ORCAP-36042): Pin "VCCBRAM" is renamed to "VCCBRAM#N16" as visible power pin of same name already exists in Package XC7K325TFFG900-19 , U13-1: schematic, 07_FPGA System (14.10, 2.30).
#108 WARNING(ORCAP-36042): Pin "VCCBRAM" is renamed to "VCCBRAM#R16" as visible power pin of same name already exists in Package XC7K325TFFG900-19 , U13-1: schematic, 07_FPGA System (14.10, 2.30).
#109 WARNING(ORCAP-36042): Pin "VCCBRAM" is renamed to "VCCBRAM#U16" as visible power pin of same name already exists in Package XC7K325TFFG900-19 , U13-1: schematic, 07_FPGA System (14.10, 2.30).
#110 WARNING(ORCAP-36042): Pin "VCCBRAM" is renamed to "VCCBRAM#W16" as visible power pin of same name already exists in Package XC7K325TFFG900-19 , U13-1: schematic, 07_FPGA System (14.10, 2.30).
#111 WARNING(ORCAP-36042): Pin "VCCINT" is renamed to "VCCINT#M11" as visible power pin of same name already exists in Package XC7K325TFFG900-20 , U13-1: schematic, 07_FPGA System (14.10, 2.30).
#112 WARNING(ORCAP-36042): Pin "VCCINT" is renamed to "VCCINT#M13" as visible power pin of same name already exists in Package XC7K325TFFG900-20 , U13-1: schematic, 07_FPGA System (14.10, 2.30).
#113 WARNING(ORCAP-36042): Pin "VCCINT" is renamed to "VCCINT#M15" as visible power pin of same name already exists in Package XC7K325TFFG900-20 , U13-1: schematic, 07_FPGA System (14.10, 2.30).
#114 WARNING(ORCAP-36042): Pin "VCCINT" is renamed to "VCCINT#M17" as visible power pin of same name already exists in Package XC7K325TFFG900-20 , U13-1: schematic, 07_FPGA System (14.10, 2.30).
#115 WARNING(ORCAP-36042): Pin "VCCINT" is renamed to "VCCINT#N10" as visible power pin of same name already exists in Package XC7K325TFFG900-20 , U13-1: schematic, 07_FPGA System (14.10, 2.30).
#116 WARNING(ORCAP-36042): Pin "VCCINT" is renamed to "VCCINT#N12" as visible power pin of same name already exists in Package XC7K325TFFG900-20 , U13-1: schematic, 07_FPGA System (14.10, 2.30).
#117 WARNING(ORCAP-36042): Pin "VCCINT" is renamed to "VCCINT#N14" as visible power pin of same name already exists in Package XC7K325TFFG900-20 , U13-1: schematic, 07_FPGA System (14.10, 2.30).
#118 WARNING(ORCAP-36042): Pin "VCCINT" is renamed to "VCCINT#N18" as visible power pin of same name already exists in Package XC7K325TFFG900-20 , U13-1: schematic, 07_FPGA System (14.10, 2.30).
#119 WARNING(ORCAP-36042): Pin "VCCINT" is renamed to "VCCINT#P11" as visible power pin of same name already exists in Package XC7K325TFFG900-20 , U13-1: schematic, 07_FPGA System (14.10, 2.30).
#120 WARNING(ORCAP-36042): Pin "VCCINT" is renamed to "VCCINT#P17" as visible power pin of same name already exists in Package XC7K325TFFG900-20 , U13-1: schematic, 07_FPGA System (14.10, 2.30).
#121 WARNING(ORCAP-36042): Pin "VCCINT" is renamed to "VCCINT#R10" as visible power pin of same name already exists in Package XC7K325TFFG900-20 , U13-1: schematic, 07_FPGA System (14.10, 2.30).
#122 WARNING(ORCAP-36042): Pin "VCCINT" is renamed to "VCCINT#R12" as visible power pin of same name already exists in Package XC7K325TFFG900-20 , U13-1: schematic, 07_FPGA System (14.10, 2.30).
#123 WARNING(ORCAP-36042): Pin "VCCINT" is renamed to "VCCINT#R18" as visible power pin of same name already exists in Package XC7K325TFFG900-20 , U13-1: schematic, 07_FPGA System (14.10, 2.30).
#124 WARNING(ORCAP-36042): Pin "VCCINT" is renamed to "VCCINT#T11" as visible power pin of same name already exists in Package XC7K325TFFG900-20 , U13-1: schematic, 07_FPGA System (14.10, 2.30).
#125 WARNING(ORCAP-36042): Pin "VCCINT" is renamed to "VCCINT#T17" as visible power pin of same name already exists in Package XC7K325TFFG900-20 , U13-1: schematic, 07_FPGA System (14.10, 2.30).
#126 WARNING(ORCAP-36042): Pin "VCCINT" is renamed to "VCCINT#U10" as visible power pin of same name already exists in Package XC7K325TFFG900-20 , U13-1: schematic, 07_FPGA System (14.10, 2.30).
#127 WARNING(ORCAP-36042): Pin "VCCINT" is renamed to "VCCINT#U12" as visible power pin of same name already exists in Package XC7K325TFFG900-20 , U13-1: schematic, 07_FPGA System (14.10, 2.30).
#128 WARNING(ORCAP-36042): Pin "VCCINT" is renamed to "VCCINT#U18" as visible power pin of same name already exists in Package XC7K325TFFG900-20 , U13-1: schematic, 07_FPGA System (14.10, 2.30).
#129 WARNING(ORCAP-36042): Pin "VCCINT" is renamed to "VCCINT#V17" as visible power pin of same name already exists in Package XC7K325TFFG900-20 , U13-1: schematic, 07_FPGA System (14.10, 2.30).
#130 WARNING(ORCAP-36042): Pin "VCCINT" is renamed to "VCCINT#W18" as visible power pin of same name already exists in Package XC7K325TFFG900-20 , U13-1: schematic, 07_FPGA System (14.10, 2.30).
#131 WARNING(ORCAP-36042): Pin "VCCAUX" is renamed to "VCCAUX#P13" as visible power pin of same name already exists in Package XC7K325TFFG900-21 , U13-1: schematic, 07_FPGA System (14.10, 2.30).
#132 WARNING(ORCAP-36042): Pin "VCCAUX" is renamed to "VCCAUX#T13" as visible power pin of same name already exists in Package XC7K325TFFG900-21 , U13-1: schematic, 07_FPGA System (14.10, 2.30).
#133 WARNING(ORCAP-36042): Pin "VCCAUX" is renamed to "VCCAUX#V13" as visible power pin of same name already exists in Package XC7K325TFFG900-21 , U13-1: schematic, 07_FPGA System (14.10, 2.30).
#134 WARNING(ORCAP-36042): Pin "VCCAUX" is renamed to "VCCAUX#V15" as visible power pin of same name already exists in Package XC7K325TFFG900-21 , U13-1: schematic, 07_FPGA System (14.10, 2.30).
#135 WARNING(ORCAP-36042): Pin "VCCAUX" is renamed to "VCCAUX#W14" as visible power pin of same name already exists in Package XC7K325TFFG900-21 , U13-1: schematic, 07_FPGA System (14.10, 2.30).
#136 WARNING(ORCAP-36042): Pin "VCCAUX_IO_G0" is renamed to "VCCAUX_IO_G0#W12" as visible power pin of same name already exists in Package XC7K325TFFG900-22 , U13-1: schematic, 07_FPGA System (14.10, 2.30).
#137 WARNING(ORCAP-36042): Pin "VCCAUX_IO_G0" is renamed to "VCCAUX_IO_G0#V11" as visible power pin of same name already exists in Package XC7K325TFFG900-22 , U13-1: schematic, 07_FPGA System (14.10, 2.30).
#138 WARNING(ORCAP-36042): Pin "VCCAUX_IO_G0" is renamed to "VCCAUX_IO_G0#W10" as visible power pin of same name already exists in Package XC7K325TFFG900-22 , U13-1: schematic, 07_FPGA System (14.10, 2.30).
#139 WARNING(ORCAP-36042): Pin "GND" is renamed to "GND#K17" as visible power pin of same name already exists in Package XC7K325TFFG900-23 , U13-1: schematic, 07_FPGA System (14.10, 2.30).
#140 WARNING(ORCAP-36042): Pin "GND" is renamed to "GND#K27" as visible power pin of same name already exists in Package XC7K325TFFG900-23 , U13-1: schematic, 07_FPGA System (14.10, 2.30).
#141 WARNING(ORCAP-36042): Pin "GND" is renamed to "GND#K4" as visible power pin of same name already exists in Package XC7K325TFFG900-23 , U13-1: schematic, 07_FPGA System (14.10, 2.30).
#142 WARNING(ORCAP-36042): Pin "GND" is renamed to "GND#K8" as visible power pin of same name already exists in Package XC7K325TFFG900-23 , U13-1: schematic, 07_FPGA System (14.10, 2.30).
#143 WARNING(ORCAP-36042): Pin "GND" is renamed to "GND#K9" as visible power pin of same name already exists in Package XC7K325TFFG900-23 , U13-1: schematic, 07_FPGA System (14.10, 2.30).
#144 WARNING(ORCAP-36042): Pin "GND" is renamed to "GND#L1" as visible power pin of same name already exists in Package XC7K325TFFG900-23 , U13-1: schematic, 07_FPGA System (14.10, 2.30).
#145 WARNING(ORCAP-36042): Pin "GND" is renamed to "GND#L14" as visible power pin of same name already exists in Package XC7K325TFFG900-23 , U13-1: schematic, 07_FPGA System (14.10, 2.30).
#146 WARNING(ORCAP-36042): Pin "GND" is renamed to "GND#L2" as visible power pin of same name already exists in Package XC7K325TFFG900-23 , U13-1: schematic, 07_FPGA System (14.10, 2.30).
#147 WARNING(ORCAP-36042): Pin "GND" is renamed to "GND#L24" as visible power pin of same name already exists in Package XC7K325TFFG900-23 , U13-1: schematic, 07_FPGA System (14.10, 2.30).
#148 WARNING(ORCAP-36042): Pin "GND" is renamed to "GND#L6" as visible power pin of same name already exists in Package XC7K325TFFG900-23 , U13-1: schematic, 07_FPGA System (14.10, 2.30).
#149 WARNING(ORCAP-36042): Pin "GND" is renamed to "GND#L9" as visible power pin of same name already exists in Package XC7K325TFFG900-23 , U13-1: schematic, 07_FPGA System (14.10, 2.30).
#150 WARNING(ORCAP-36042): Pin "GND" is renamed to "GND#M12" as visible power pin of same name already exists in Package XC7K325TFFG900-23 , U13-1: schematic, 07_FPGA System (14.10, 2.30).
#151 WARNING(ORCAP-36042): Pin "GND" is renamed to "GND#M14" as visible power pin of same name already exists in Package XC7K325TFFG900-23 , U13-1: schematic, 07_FPGA System (14.10, 2.30).
#152 WARNING(ORCAP-36042): Pin "GND" is renamed to "GND#M16" as visible power pin of same name already exists in Package XC7K325TFFG900-23 , U13-1: schematic, 07_FPGA System (14.10, 2.30).
#153 WARNING(ORCAP-36042): Pin "GND" is renamed to "GND#M18" as visible power pin of same name already exists in Package XC7K325TFFG900-23 , U13-1: schematic, 07_FPGA System (14.10, 2.30).
#154 WARNING(ORCAP-36042): Pin "GND" is renamed to "GND#M21" as visible power pin of same name already exists in Package XC7K325TFFG900-23 , U13-1: schematic, 07_FPGA System (14.10, 2.30).
#155 WARNING(ORCAP-36042): Pin "GND" is renamed to "GND#M4" as visible power pin of same name already exists in Package XC7K325TFFG900-23 , U13-1: schematic, 07_FPGA System (14.10, 2.30).
#156 WARNING(ORCAP-36042): Pin "GND" is renamed to "GND#M8" as visible power pin of same name already exists in Package XC7K325TFFG900-23 , U13-1: schematic, 07_FPGA System (14.10, 2.30).
#157 WARNING(ORCAP-36042): Pin "GND" is renamed to "GND#M9" as visible power pin of same name already exists in Package XC7K325TFFG900-23 , U13-1: schematic, 07_FPGA System (14.10, 2.30).
#158 WARNING(ORCAP-36042): Pin "GND" is renamed to "GND#N1" as visible power pin of same name already exists in Package XC7K325TFFG900-23 , U13-1: schematic, 07_FPGA System (14.10, 2.30).
#159 WARNING(ORCAP-36042): Pin "GND" is renamed to "GND#N11" as visible power pin of same name already exists in Package XC7K325TFFG900-23 , U13-1: schematic, 07_FPGA System (14.10, 2.30).
#160 WARNING(ORCAP-36042): Pin "GND" is renamed to "GND#N13" as visible power pin of same name already exists in Package XC7K325TFFG900-23 , U13-1: schematic, 07_FPGA System (14.10, 2.30).
#161 WARNING(ORCAP-36042): Pin "GND" is renamed to "GND#N15" as visible power pin of same name already exists in Package XC7K325TFFG900-23 , U13-1: schematic, 07_FPGA System (14.10, 2.30).
#162 WARNING(ORCAP-36042): Pin "GND" is renamed to "GND#N17" as visible power pin of same name already exists in Package XC7K325TFFG900-23 , U13-1: schematic, 07_FPGA System (14.10, 2.30).
#163 WARNING(ORCAP-36042): Pin "GND" is renamed to "GND#N2" as visible power pin of same name already exists in Package XC7K325TFFG900-23 , U13-1: schematic, 07_FPGA System (14.10, 2.30).
#164 WARNING(ORCAP-36042): Pin "GND" is renamed to "GND#N28" as visible power pin of same name already exists in Package XC7K325TFFG900-23 , U13-1: schematic, 07_FPGA System (14.10, 2.30).
#165 WARNING(ORCAP-36042): Pin "GND" is renamed to "GND#N6" as visible power pin of same name already exists in Package XC7K325TFFG900-23 , U13-1: schematic, 07_FPGA System (14.10, 2.30).
#166 WARNING(ORCAP-36042): Pin "GND" is renamed to "GND#N9" as visible power pin of same name already exists in Package XC7K325TFFG900-23 , U13-1: schematic, 07_FPGA System (14.10, 2.30).
#167 WARNING(ORCAP-36042): Pin "GND" is renamed to "GND#P10" as visible power pin of same name already exists in Package XC7K325TFFG900-23 , U13-1: schematic, 07_FPGA System (14.10, 2.30).
#168 WARNING(ORCAP-36042): Pin "GND" is renamed to "GND#P12" as visible power pin of same name already exists in Package XC7K325TFFG900-23 , U13-1: schematic, 07_FPGA System (14.10, 2.30).
#169 WARNING(ORCAP-36042): Pin "GND" is renamed to "GND#P16" as visible power pin of same name already exists in Package XC7K325TFFG900-23 , U13-1: schematic, 07_FPGA System (14.10, 2.30).
#170 WARNING(ORCAP-36042): Pin "GND" is renamed to "GND#P18" as visible power pin of same name already exists in Package XC7K325TFFG900-23 , U13-1: schematic, 07_FPGA System (14.10, 2.30).
#171 WARNING(ORCAP-36042): Pin "GND" is renamed to "GND#P25" as visible power pin of same name already exists in Package XC7K325TFFG900-23 , U13-1: schematic, 07_FPGA System (14.10, 2.30).
#172 WARNING(ORCAP-36042): Pin "GND" is renamed to "GND#P4" as visible power pin of same name already exists in Package XC7K325TFFG900-23 , U13-1: schematic, 07_FPGA System (14.10, 2.30).
#173 WARNING(ORCAP-36042): Pin "GND" is renamed to "GND#P8" as visible power pin of same name already exists in Package XC7K325TFFG900-23 , U13-1: schematic, 07_FPGA System (14.10, 2.30).
#174 WARNING(ORCAP-36042): Pin "GND" is renamed to "GND#P9" as visible power pin of same name already exists in Package XC7K325TFFG900-23 , U13-1: schematic, 07_FPGA System (14.10, 2.30).
#175 WARNING(ORCAP-36042): Pin "GND" is renamed to "GND#R1" as visible power pin of same name already exists in Package XC7K325TFFG900-23 , U13-1: schematic, 07_FPGA System (14.10, 2.30).
#176 WARNING(ORCAP-36042): Pin "GND" is renamed to "GND#R11" as visible power pin of same name already exists in Package XC7K325TFFG900-23 , U13-1: schematic, 07_FPGA System (14.10, 2.30).
#177 WARNING(ORCAP-36042): Pin "GND" is renamed to "GND#R13" as visible power pin of same name already exists in Package XC7K325TFFG900-23 , U13-1: schematic, 07_FPGA System (14.10, 2.30).
#178 WARNING(ORCAP-36042): Pin "GND" is renamed to "GND#R17" as visible power pin of same name already exists in Package XC7K325TFFG900-23 , U13-1: schematic, 07_FPGA System (14.10, 2.30).
#179 WARNING(ORCAP-36042): Pin "GND" is renamed to "GND#R2" as visible power pin of same name already exists in Package XC7K325TFFG900-23 , U13-1: schematic, 07_FPGA System (14.10, 2.30).
#180 WARNING(ORCAP-36042): Pin "GND" is renamed to "GND#R22" as visible power pin of same name already exists in Package XC7K325TFFG900-23 , U13-1: schematic, 07_FPGA System (14.10, 2.30).
#181 WARNING(ORCAP-36042): Pin "GND" is renamed to "GND#R6" as visible power pin of same name already exists in Package XC7K325TFFG900-23 , U13-1: schematic, 07_FPGA System (14.10, 2.30).
#182 WARNING(ORCAP-36042): Pin "GND" is renamed to "GND#R9" as visible power pin of same name already exists in Package XC7K325TFFG900-23 , U13-1: schematic, 07_FPGA System (14.10, 2.30).
#183 WARNING(ORCAP-36042): Pin "GND" is renamed to "GND#T10" as visible power pin of same name already exists in Package XC7K325TFFG900-23 , U13-1: schematic, 07_FPGA System (14.10, 2.30).
#184 WARNING(ORCAP-36042): Pin "GND" is renamed to "GND#T12" as visible power pin of same name already exists in Package XC7K325TFFG900-23 , U13-1: schematic, 07_FPGA System (14.10, 2.30).
#185 WARNING(ORCAP-36042): Pin "GND" is renamed to "GND#T16" as visible power pin of same name already exists in Package XC7K325TFFG900-23 , U13-1: schematic, 07_FPGA System (14.10, 2.30).
#186 WARNING(ORCAP-36042): Pin "GND" is renamed to "GND#T18" as visible power pin of same name already exists in Package XC7K325TFFG900-23 , U13-1: schematic, 07_FPGA System (14.10, 2.30).
#187 WARNING(ORCAP-36042): Pin "GND" is renamed to "GND#T19" as visible power pin of same name already exists in Package XC7K325TFFG900-23 , U13-1: schematic, 07_FPGA System (14.10, 2.30).
#188 WARNING(ORCAP-36042): Pin "GND" is renamed to "GND#T29" as visible power pin of same name already exists in Package XC7K325TFFG900-23 , U13-1: schematic, 07_FPGA System (14.10, 2.30).
#189 WARNING(ORCAP-36042): Pin "GND" is renamed to "GND#T4" as visible power pin of same name already exists in Package XC7K325TFFG900-23 , U13-1: schematic, 07_FPGA System (14.10, 2.30).
#190 WARNING(ORCAP-36042): Pin "GND" is renamed to "GND#T8" as visible power pin of same name already exists in Package XC7K325TFFG900-23 , U13-1: schematic, 07_FPGA System (14.10, 2.30).
#191 WARNING(ORCAP-36042): Pin "GND" is renamed to "GND#U1" as visible power pin of same name already exists in Package XC7K325TFFG900-23 , U13-1: schematic, 07_FPGA System (14.10, 2.30).
#192 WARNING(ORCAP-36042): Pin "GND" is renamed to "GND#U11" as visible power pin of same name already exists in Package XC7K325TFFG900-23 , U13-1: schematic, 07_FPGA System (14.10, 2.30).
#193 WARNING(ORCAP-36042): Pin "GND" is renamed to "GND#U13" as visible power pin of same name already exists in Package XC7K325TFFG900-23 , U13-1: schematic, 07_FPGA System (14.10, 2.30).
#194 WARNING(ORCAP-36042): Pin "GND" is renamed to "GND#U17" as visible power pin of same name already exists in Package XC7K325TFFG900-23 , U13-1: schematic, 07_FPGA System (14.10, 2.30).
#195 WARNING(ORCAP-36042): Pin "GND" is renamed to "GND#U2" as visible power pin of same name already exists in Package XC7K325TFFG900-23 , U13-1: schematic, 07_FPGA System (14.10, 2.30).
#196 WARNING(ORCAP-36042): Pin "GND" is renamed to "GND#U26" as visible power pin of same name already exists in Package XC7K325TFFG900-23 , U13-1: schematic, 07_FPGA System (14.10, 2.30).
#197 WARNING(ORCAP-36042): Pin "GND" is renamed to "GND#U6" as visible power pin of same name already exists in Package XC7K325TFFG900-23 , U13-1: schematic, 07_FPGA System (14.10, 2.30).
#198 WARNING(ORCAP-36042): Pin "GND" is renamed to "GND#U9" as visible power pin of same name already exists in Package XC7K325TFFG900-23 , U13-1: schematic, 07_FPGA System (14.10, 2.30).
#199 WARNING(ORCAP-36042): Pin "GND" is renamed to "GND#V10" as visible power pin of same name already exists in Package XC7K325TFFG900-23 , U13-1: schematic, 07_FPGA System (14.10, 2.30).
#200 WARNING(ORCAP-36042): Pin "GND" is renamed to "GND#V12" as visible power pin of same name already exists in Package XC7K325TFFG900-23 , U13-1: schematic, 07_FPGA System (14.10, 2.30).
#201 WARNING(ORCAP-36042): Pin "GND" is renamed to "GND#V14" as visible power pin of same name already exists in Package XC7K325TFFG900-23 , U13-1: schematic, 07_FPGA System (14.10, 2.30).
#202 WARNING(ORCAP-36042): Pin "GND" is renamed to "GND#V16" as visible power pin of same name already exists in Package XC7K325TFFG900-23 , U13-1: schematic, 07_FPGA System (14.10, 2.30).
#203 WARNING(ORCAP-36042): Pin "GND" is renamed to "GND#V18" as visible power pin of same name already exists in Package XC7K325TFFG900-23 , U13-1: schematic, 07_FPGA System (14.10, 2.30).
#204 WARNING(ORCAP-36042): Pin "GND" is renamed to "GND#V23" as visible power pin of same name already exists in Package XC7K325TFFG900-23 , U13-1: schematic, 07_FPGA System (14.10, 2.30).
#205 WARNING(ORCAP-36042): Pin "GND" is renamed to "GND#V4" as visible power pin of same name already exists in Package XC7K325TFFG900-23 , U13-1: schematic, 07_FPGA System (14.10, 2.30).
#206 WARNING(ORCAP-36042): Pin "GND" is renamed to "GND#V8" as visible power pin of same name already exists in Package XC7K325TFFG900-23 , U13-1: schematic, 07_FPGA System (14.10, 2.30).
#207 WARNING(ORCAP-36042): Pin "GND" is renamed to "GND#V9" as visible power pin of same name already exists in Package XC7K325TFFG900-23 , U13-1: schematic, 07_FPGA System (14.10, 2.30).
#208 WARNING(ORCAP-36042): Pin "GND" is renamed to "GND#W1" as visible power pin of same name already exists in Package XC7K325TFFG900-23 , U13-1: schematic, 07_FPGA System (14.10, 2.30).
#209 WARNING(ORCAP-36042): Pin "GND" is renamed to "GND#W11" as visible power pin of same name already exists in Package XC7K325TFFG900-23 , U13-1: schematic, 07_FPGA System (14.10, 2.30).
#210 WARNING(ORCAP-36042): Pin "GND" is renamed to "GND#W13" as visible power pin of same name already exists in Package XC7K325TFFG900-23 , U13-1: schematic, 07_FPGA System (14.10, 2.30).
#211 WARNING(ORCAP-36042): Pin "GND" is renamed to "GND#W15" as visible power pin of same name already exists in Package XC7K325TFFG900-23 , U13-1: schematic, 07_FPGA System (14.10, 2.30).
#212 WARNING(ORCAP-36042): Pin "GND" is renamed to "GND#W17" as visible power pin of same name already exists in Package XC7K325TFFG900-23 , U13-1: schematic, 07_FPGA System (14.10, 2.30).
#213 WARNING(ORCAP-36042): Pin "GND" is renamed to "GND#W2" as visible power pin of same name already exists in Package XC7K325TFFG900-23 , U13-1: schematic, 07_FPGA System (14.10, 2.30).
#214 WARNING(ORCAP-36042): Pin "GND" is renamed to "GND#W20" as visible power pin of same name already exists in Package XC7K325TFFG900-23 , U13-1: schematic, 07_FPGA System (14.10, 2.30).
#215 WARNING(ORCAP-36042): Pin "GND" is renamed to "GND#W30" as visible power pin of same name already exists in Package XC7K325TFFG900-23 , U13-1: schematic, 07_FPGA System (14.10, 2.30).
#216 WARNING(ORCAP-36042): Pin "GND" is renamed to "GND#W6" as visible power pin of same name already exists in Package XC7K325TFFG900-23 , U13-1: schematic, 07_FPGA System (14.10, 2.30).
#217 WARNING(ORCAP-36042): Pin "GND" is renamed to "GND#W9" as visible power pin of same name already exists in Package XC7K325TFFG900-23 , U13-1: schematic, 07_FPGA System (14.10, 2.30).
#218 WARNING(ORCAP-36042): Pin "GND" is renamed to "GND#Y17" as visible power pin of same name already exists in Package XC7K325TFFG900-23 , U13-1: schematic, 07_FPGA System (14.10, 2.30).
#219 WARNING(ORCAP-36042): Pin "GND" is renamed to "GND#Y27" as visible power pin of same name already exists in Package XC7K325TFFG900-23 , U13-1: schematic, 07_FPGA System (14.10, 2.30).
#220 WARNING(ORCAP-36042): Pin "GND" is renamed to "GND#Y3" as visible power pin of same name already exists in Package XC7K325TFFG900-23 , U13-1: schematic, 07_FPGA System (14.10, 2.30).
#221 WARNING(ORCAP-36042): Pin "GND" is renamed to "GND#Y4" as visible power pin of same name already exists in Package XC7K325TFFG900-23 , U13-1: schematic, 07_FPGA System (14.10, 2.30).
#222 WARNING(ORCAP-36042): Pin "GND" is renamed to "GND#Y7" as visible power pin of same name already exists in Package XC7K325TFFG900-23 , U13-1: schematic, 07_FPGA System (14.10, 2.30).
#223 WARNING(ORCAP-36042): Pin "GND" is renamed to "GND#Y8" as visible power pin of same name already exists in Package XC7K325TFFG900-23 , U13-1: schematic, 07_FPGA System (14.10, 2.30).
#224 WARNING(ORCAP-36042): Pin "GND" is renamed to "GND#Y9" as visible power pin of same name already exists in Package XC7K325TFFG900-23 , U13-1: schematic, 07_FPGA System (14.10, 2.30).
#225 WARNING(ORCAP-36042): Pin "GND" is renamed to "GND#A1" as visible power pin of same name already exists in Package XC7K325TFFG900-23 , U13-1: schematic, 07_FPGA System (14.10, 2.30).
#226 WARNING(ORCAP-36042): Pin "GND" is renamed to "GND#A14" as visible power pin of same name already exists in Package XC7K325TFFG900-23 , U13-1: schematic, 07_FPGA System (14.10, 2.30).
#227 WARNING(ORCAP-36042): Pin "GND" is renamed to "GND#A2" as visible power pin of same name already exists in Package XC7K325TFFG900-23 , U13-1: schematic, 07_FPGA System (14.10, 2.30).
#228 WARNING(ORCAP-36042): Pin "GND" is renamed to "GND#A24" as visible power pin of same name already exists in Package XC7K325TFFG900-23 , U13-1: schematic, 07_FPGA System (14.10, 2.30).
#229 WARNING(ORCAP-36042): Pin "GND" is renamed to "GND#A5" as visible power pin of same name already exists in Package XC7K325TFFG900-23 , U13-1: schematic, 07_FPGA System (14.10, 2.30).
#230 WARNING(ORCAP-36042): Pin "GND" is renamed to "GND#A6" as visible power pin of same name already exists in Package XC7K325TFFG900-23 , U13-1: schematic, 07_FPGA System (14.10, 2.30).
#231 WARNING(ORCAP-36042): Pin "GND" is renamed to "GND#A9" as visible power pin of same name already exists in Package XC7K325TFFG900-23 , U13-1: schematic, 07_FPGA System (14.10, 2.30).
#232 WARNING(ORCAP-36042): Pin "GND" is renamed to "GND#AA1" as visible power pin of same name already exists in Package XC7K325TFFG900-23 , U13-1: schematic, 07_FPGA System (14.10, 2.30).
#233 WARNING(ORCAP-36042): Pin "GND" is renamed to "GND#AA14" as visible power pin of same name already exists in Package XC7K325TFFG900-23 , U13-1: schematic, 07_FPGA System (14.10, 2.30).
#234 WARNING(ORCAP-36042): Pin "GND" is renamed to "GND#AA2" as visible power pin of same name already exists in Package XC7K325TFFG900-23 , U13-1: schematic, 07_FPGA System (14.10, 2.30).
#235 WARNING(ORCAP-36042): Pin "GND" is renamed to "GND#AA24" as visible power pin of same name already exists in Package XC7K325TFFG900-23 , U13-1: schematic, 07_FPGA System (14.10, 2.30).
#236 WARNING(ORCAP-36042): Pin "GND" is renamed to "GND#AA5" as visible power pin of same name already exists in Package XC7K325TFFG900-23 , U13-1: schematic, 07_FPGA System (14.10, 2.30).
#237 WARNING(ORCAP-36042): Pin "GND" is renamed to "GND#AA6" as visible power pin of same name already exists in Package XC7K325TFFG900-23 , U13-1: schematic, 07_FPGA System (14.10, 2.30).
#238 WARNING(ORCAP-36042): Pin "GND" is renamed to "GND#AA7" as visible power pin of same name already exists in Package XC7K325TFFG900-23 , U13-1: schematic, 07_FPGA System (14.10, 2.30).
#239 WARNING(ORCAP-36042): Pin "GND" is renamed to "GND#AB11" as visible power pin of same name already exists in Package XC7K325TFFG900-23 , U13-1: schematic, 07_FPGA System (14.10, 2.30).
#240 WARNING(ORCAP-36042): Pin "GND" is renamed to "GND#AB21" as visible power pin of same name already exists in Package XC7K325TFFG900-23 , U13-1: schematic, 07_FPGA System (14.10, 2.30).
#241 WARNING(ORCAP-36042): Pin "GND" is renamed to "GND#AB3" as visible power pin of same name already exists in Package XC7K325TFFG900-23 , U13-1: schematic, 07_FPGA System (14.10, 2.30).
#242 WARNING(ORCAP-36042): Pin "GND" is renamed to "GND#AB4" as visible power pin of same name already exists in Package XC7K325TFFG900-23 , U13-1: schematic, 07_FPGA System (14.10, 2.30).
#243 WARNING(ORCAP-36042): Pin "GND" is renamed to "GND#AC18" as visible power pin of same name already exists in Package XC7K325TFFG900-23 , U13-1: schematic, 07_FPGA System (14.10, 2.30).
#244 WARNING(ORCAP-36042): Pin "GND" is renamed to "GND#AC28" as visible power pin of same name already exists in Package XC7K325TFFG900-23 , U13-1: schematic, 07_FPGA System (14.10, 2.30).
#245 WARNING(ORCAP-36042): Pin "GND" is renamed to "GND#AC8" as visible power pin of same name already exists in Package XC7K325TFFG900-23 , U13-1: schematic, 07_FPGA System (14.10, 2.30).
#246 WARNING(ORCAP-36042): Pin "GND" is renamed to "GND#AD15" as visible power pin of same name already exists in Package XC7K325TFFG900-23 , U13-1: schematic, 07_FPGA System (14.10, 2.30).
#247 WARNING(ORCAP-36042): Pin "GND" is renamed to "GND#AD25" as visible power pin of same name already exists in Package XC7K325TFFG900-23 , U13-1: schematic, 07_FPGA System (14.10, 2.30).
#248 WARNING(ORCAP-36042): Pin "GND" is renamed to "GND#AD5" as visible power pin of same name already exists in Package XC7K325TFFG900-23 , U13-1: schematic, 07_FPGA System (14.10, 2.30).
#249 WARNING(ORCAP-36042): Pin "GND" is renamed to "GND#AE12" as visible power pin of same name already exists in Package XC7K325TFFG900-23 , U13-1: schematic, 07_FPGA System (14.10, 2.30).
#250 WARNING(ORCAP-36042): Pin "GND" is renamed to "GND#AE2" as visible power pin of same name already exists in Package XC7K325TFFG900-23 , U13-1: schematic, 07_FPGA System (14.10, 2.30).
#251 WARNING(ORCAP-36042): Pin "GND" is renamed to "GND#AE22" as visible power pin of same name already exists in Package XC7K325TFFG900-23 , U13-1: schematic, 07_FPGA System (14.10, 2.30).
#252 WARNING(ORCAP-36042): Pin "GND" is renamed to "GND#AF19" as visible power pin of same name already exists in Package XC7K325TFFG900-23 , U13-1: schematic, 07_FPGA System (14.10, 2.30).
#253 WARNING(ORCAP-36042): Pin "GND" is renamed to "GND#AF29" as visible power pin of same name already exists in Package XC7K325TFFG900-23 , U13-1: schematic, 07_FPGA System (14.10, 2.30).
#254 WARNING(ORCAP-36042): Pin "GND" is renamed to "GND#AF9" as visible power pin of same name already exists in Package XC7K325TFFG900-23 , U13-1: schematic, 07_FPGA System (14.10, 2.30).
#255 WARNING(ORCAP-36042): Pin "GND" is renamed to "GND#AG16" as visible power pin of same name already exists in Package XC7K325TFFG900-23 , U13-1: schematic, 07_FPGA System (14.10, 2.30).
#256 WARNING(ORCAP-36042): Pin "GND" is renamed to "GND#AG26" as visible power pin of same name already exists in Package XC7K325TFFG900-23 , U13-1: schematic, 07_FPGA System (14.10, 2.30).
#257 WARNING(ORCAP-36042): Pin "GND" is renamed to "GND#AG6" as visible power pin of same name already exists in Package XC7K325TFFG900-23 , U13-1: schematic, 07_FPGA System (14.10, 2.30).
#258 WARNING(ORCAP-36042): Pin "GND" is renamed to "GND#AH13" as visible power pin of same name already exists in Package XC7K325TFFG900-23 , U13-1: schematic, 07_FPGA System (14.10, 2.30).
#259 WARNING(ORCAP-36042): Pin "GND" is renamed to "GND#AH23" as visible power pin of same name already exists in Package XC7K325TFFG900-23 , U13-1: schematic, 07_FPGA System (14.10, 2.30).
#260 WARNING(ORCAP-36042): Pin "GND" is renamed to "GND#AH3" as visible power pin of same name already exists in Package XC7K325TFFG900-23 , U13-1: schematic, 07_FPGA System (14.10, 2.30).
#261 WARNING(ORCAP-36042): Pin "GND" is renamed to "GND#AJ10" as visible power pin of same name already exists in Package XC7K325TFFG900-23 , U13-1: schematic, 07_FPGA System (14.10, 2.30).
#262 WARNING(ORCAP-36042): Pin "GND" is renamed to "GND#AJ20" as visible power pin of same name already exists in Package XC7K325TFFG900-23 , U13-1: schematic, 07_FPGA System (14.10, 2.30).
#263 WARNING(ORCAP-36042): Pin "GND" is renamed to "GND#AJ30" as visible power pin of same name already exists in Package XC7K325TFFG900-23 , U13-1: schematic, 07_FPGA System (14.10, 2.30).
#264 WARNING(ORCAP-36042): Pin "GND" is renamed to "GND#AK17" as visible power pin of same name already exists in Package XC7K325TFFG900-23 , U13-1: schematic, 07_FPGA System (14.10, 2.30).
#265 WARNING(ORCAP-36042): Pin "GND" is renamed to "GND#AK27" as visible power pin of same name already exists in Package XC7K325TFFG900-23 , U13-1: schematic, 07_FPGA System (14.10, 2.30).
#266 WARNING(ORCAP-36042): Pin "GND" is renamed to "GND#AK7" as visible power pin of same name already exists in Package XC7K325TFFG900-23 , U13-1: schematic, 07_FPGA System (14.10, 2.30).
#267 WARNING(ORCAP-36042): Pin "GND" is renamed to "GND#B11" as visible power pin of same name already exists in Package XC7K325TFFG900-23 , U13-1: schematic, 07_FPGA System (14.10, 2.30).
#268 WARNING(ORCAP-36042): Pin "GND" is renamed to "GND#B21" as visible power pin of same name already exists in Package XC7K325TFFG900-23 , U13-1: schematic, 07_FPGA System (14.10, 2.30).
#269 WARNING(ORCAP-36042): Pin "GND" is renamed to "GND#B4" as visible power pin of same name already exists in Package XC7K325TFFG900-23 , U13-1: schematic, 07_FPGA System (14.10, 2.30).
#270 WARNING(ORCAP-36042): Pin "GND" is renamed to "GND#B8" as visible power pin of same name already exists in Package XC7K325TFFG900-23 , U13-1: schematic, 07_FPGA System (14.10, 2.30).
#271 WARNING(ORCAP-36042): Pin "GND" is renamed to "GND#B9" as visible power pin of same name already exists in Package XC7K325TFFG900-23 , U13-1: schematic, 07_FPGA System (14.10, 2.30).
#272 WARNING(ORCAP-36042): Pin "GND" is renamed to "GND#C1" as visible power pin of same name already exists in Package XC7K325TFFG900-23 , U13-1: schematic, 07_FPGA System (14.10, 2.30).
#273 WARNING(ORCAP-36042): Pin "GND" is renamed to "GND#C18" as visible power pin of same name already exists in Package XC7K325TFFG900-23 , U13-1: schematic, 07_FPGA System (14.10, 2.30).
#274 WARNING(ORCAP-36042): Pin "GND" is renamed to "GND#C2" as visible power pin of same name already exists in Package XC7K325TFFG900-23 , U13-1: schematic, 07_FPGA System (14.10, 2.30).
#275 WARNING(ORCAP-36042): Pin "GND" is renamed to "GND#C28" as visible power pin of same name already exists in Package XC7K325TFFG900-23 , U13-1: schematic, 07_FPGA System (14.10, 2.30).
#276 WARNING(ORCAP-36042): Pin "GND" is renamed to "GND#C6" as visible power pin of same name already exists in Package XC7K325TFFG900-23 , U13-1: schematic, 07_FPGA System (14.10, 2.30).
#277 WARNING(ORCAP-36042): Pin "GND" is renamed to "GND#C9" as visible power pin of same name already exists in Package XC7K325TFFG900-23 , U13-1: schematic, 07_FPGA System (14.10, 2.30).
#278 WARNING(ORCAP-36042): Pin "GND" is renamed to "GND#D15" as visible power pin of same name already exists in Package XC7K325TFFG900-23 , U13-1: schematic, 07_FPGA System (14.10, 2.30).
#279 WARNING(ORCAP-36042): Pin "GND" is renamed to "GND#D25" as visible power pin of same name already exists in Package XC7K325TFFG900-23 , U13-1: schematic, 07_FPGA System (14.10, 2.30).
#280 WARNING(ORCAP-36042): Pin "GND" is renamed to "GND#D4" as visible power pin of same name already exists in Package XC7K325TFFG900-23 , U13-1: schematic, 07_FPGA System (14.10, 2.30).
#281 WARNING(ORCAP-36042): Pin "GND" is renamed to "GND#D8" as visible power pin of same name already exists in Package XC7K325TFFG900-23 , U13-1: schematic, 07_FPGA System (14.10, 2.30).
#282 WARNING(ORCAP-36042): Pin "GND" is renamed to "GND#D9" as visible power pin of same name already exists in Package XC7K325TFFG900-23 , U13-1: schematic, 07_FPGA System (14.10, 2.30).
#283 WARNING(ORCAP-36042): Pin "GND" is renamed to "GND#E1" as visible power pin of same name already exists in Package XC7K325TFFG900-23 , U13-1: schematic, 07_FPGA System (14.10, 2.30).
#284 WARNING(ORCAP-36042): Pin "GND" is renamed to "GND#E12" as visible power pin of same name already exists in Package XC7K325TFFG900-23 , U13-1: schematic, 07_FPGA System (14.10, 2.30).
#285 WARNING(ORCAP-36042): Pin "GND" is renamed to "GND#E2" as visible power pin of same name already exists in Package XC7K325TFFG900-23 , U13-1: schematic, 07_FPGA System (14.10, 2.30).
#286 WARNING(ORCAP-36042): Pin "GND" is renamed to "GND#E22" as visible power pin of same name already exists in Package XC7K325TFFG900-23 , U13-1: schematic, 07_FPGA System (14.10, 2.30).
#287 WARNING(ORCAP-36042): Pin "GND" is renamed to "GND#E6" as visible power pin of same name already exists in Package XC7K325TFFG900-23 , U13-1: schematic, 07_FPGA System (14.10, 2.30).
#288 WARNING(ORCAP-36042): Pin "GND" is renamed to "GND#E9" as visible power pin of same name already exists in Package XC7K325TFFG900-23 , U13-1: schematic, 07_FPGA System (14.10, 2.30).
#289 WARNING(ORCAP-36042): Pin "GND" is renamed to "GND#F19" as visible power pin of same name already exists in Package XC7K325TFFG900-23 , U13-1: schematic, 07_FPGA System (14.10, 2.30).
#290 WARNING(ORCAP-36042): Pin "GND" is renamed to "GND#F29" as visible power pin of same name already exists in Package XC7K325TFFG900-23 , U13-1: schematic, 07_FPGA System (14.10, 2.30).
#291 WARNING(ORCAP-36042): Pin "GND" is renamed to "GND#F4" as visible power pin of same name already exists in Package XC7K325TFFG900-23 , U13-1: schematic, 07_FPGA System (14.10, 2.30).
#292 WARNING(ORCAP-36042): Pin "GND" is renamed to "GND#F8" as visible power pin of same name already exists in Package XC7K325TFFG900-23 , U13-1: schematic, 07_FPGA System (14.10, 2.30).
#293 WARNING(ORCAP-36042): Pin "GND" is renamed to "GND#F9" as visible power pin of same name already exists in Package XC7K325TFFG900-23 , U13-1: schematic, 07_FPGA System (14.10, 2.30).
#294 WARNING(ORCAP-36042): Pin "GND" is renamed to "GND#G1" as visible power pin of same name already exists in Package XC7K325TFFG900-23 , U13-1: schematic, 07_FPGA System (14.10, 2.30).
#295 WARNING(ORCAP-36042): Pin "GND" is renamed to "GND#G16" as visible power pin of same name already exists in Package XC7K325TFFG900-23 , U13-1: schematic, 07_FPGA System (14.10, 2.30).
#296 WARNING(ORCAP-36042): Pin "GND" is renamed to "GND#G2" as visible power pin of same name already exists in Package XC7K325TFFG900-23 , U13-1: schematic, 07_FPGA System (14.10, 2.30).
#297 WARNING(ORCAP-36042): Pin "GND" is renamed to "GND#G26" as visible power pin of same name already exists in Package XC7K325TFFG900-23 , U13-1: schematic, 07_FPGA System (14.10, 2.30).
#298 WARNING(ORCAP-36042): Pin "GND" is renamed to "GND#G6" as visible power pin of same name already exists in Package XC7K325TFFG900-23 , U13-1: schematic, 07_FPGA System (14.10, 2.30).
#299 WARNING(ORCAP-36042): Pin "GND" is renamed to "GND#G9" as visible power pin of same name already exists in Package XC7K325TFFG900-23 , U13-1: schematic, 07_FPGA System (14.10, 2.30).
#300 WARNING(ORCAP-36042): Pin "GND" is renamed to "GND#H13" as visible power pin of same name already exists in Package XC7K325TFFG900-23 , U13-1: schematic, 07_FPGA System (14.10, 2.30).
#301 WARNING(ORCAP-36042): Pin "GND" is renamed to "GND#H23" as visible power pin of same name already exists in Package XC7K325TFFG900-23 , U13-1: schematic, 07_FPGA System (14.10, 2.30).
#302 WARNING(ORCAP-36042): Pin "GND" is renamed to "GND#H4" as visible power pin of same name already exists in Package XC7K325TFFG900-23 , U13-1: schematic, 07_FPGA System (14.10, 2.30).
#303 WARNING(ORCAP-36042): Pin "GND" is renamed to "GND#H8" as visible power pin of same name already exists in Package XC7K325TFFG900-23 , U13-1: schematic, 07_FPGA System (14.10, 2.30).
#304 WARNING(ORCAP-36042): Pin "GND" is renamed to "GND#H9" as visible power pin of same name already exists in Package XC7K325TFFG900-23 , U13-1: schematic, 07_FPGA System (14.10, 2.30).
#305 WARNING(ORCAP-36042): Pin "GND" is renamed to "GND#J1" as visible power pin of same name already exists in Package XC7K325TFFG900-23 , U13-1: schematic, 07_FPGA System (14.10, 2.30).
#306 WARNING(ORCAP-36042): Pin "GND" is renamed to "GND#J10" as visible power pin of same name already exists in Package XC7K325TFFG900-23 , U13-1: schematic, 07_FPGA System (14.10, 2.30).
#307 WARNING(ORCAP-36042): Pin "GND" is renamed to "GND#J2" as visible power pin of same name already exists in Package XC7K325TFFG900-23 , U13-1: schematic, 07_FPGA System (14.10, 2.30).
#308 WARNING(ORCAP-36042): Pin "GND" is renamed to "GND#J20" as visible power pin of same name already exists in Package XC7K325TFFG900-23 , U13-1: schematic, 07_FPGA System (14.10, 2.30).
#309 WARNING(ORCAP-36042): Pin "GND" is renamed to "GND#J30" as visible power pin of same name already exists in Package XC7K325TFFG900-23 , U13-1: schematic, 07_FPGA System (14.10, 2.30).
#310 WARNING(ORCAP-36042): Pin "GND" is renamed to "GND#J6" as visible power pin of same name already exists in Package XC7K325TFFG900-23 , U13-1: schematic, 07_FPGA System (14.10, 2.30).
#311 WARNING(ORCAP-36042): Pin "GND" is renamed to "GND#J9" as visible power pin of same name already exists in Package XC7K325TFFG900-23 , U13-1: schematic, 07_FPGA System (14.10, 2.30).
#312 WARNING(ORCAP-36006): Part Name "FAN_SOCKET_CON2_2_54P_FAN_SOCKET" is renamed to "FAN_SOCKET_CON2_2_54P_FAN_SOCKE".
#313 WARNING(ORCAP-36006): Part Name "TLV62130RGT_5_TLV62130RGT_TLV62130RGT_5" is renamed to "TLV62130RGT_5_TLV62130RGT_TLV62".
INFO(ORCAP-36080): Scanning netlist files ...

Loading... D:\XC7K325T_MINIMUM_SYSTEM\SCHEMATIC\325T_MINIUM_SYSTEM\allegro/pstchip.dat

Loading... D:\XC7K325T_MINIMUM_SYSTEM\SCHEMATIC\325T_MINIUM_SYSTEM\allegro/pstchip.dat

Loading... D:\XC7K325T_MINIMUM_SYSTEM\SCHEMATIC\325T_MINIUM_SYSTEM\allegro/pstchip.dat

Loading... D:\XC7K325T_MINIMUM_SYSTEM\SCHEMATIC\325T_MINIUM_SYSTEM\allegro/pstxnet.dat
packaging the design view...